<?xml version="1.0" encoding="UTF-8"?>
<testng-results ignored="0" total="1" passed="1" failed="0" skipped="0">
  <reporter-output>
  </reporter-output>
  <suite started-at="2022-12-14T18:08:46 IST" name="Default suite" finished-at="2022-12-14T18:08:46 IST" duration-ms="83">
    <groups>
    </groups>
    <test started-at="2022-12-14T18:08:46 IST" name="Default test" finished-at="2022-12-14T18:08:46 IST" duration-ms="83">
      <class name="demo.Sample1">
        <test-method signature="SampleTest1()[pri:0, instance:demo.Sample1@d4342c2]" started-at="2022-12-14T18:08:46 IST" name="SampleTest1" finished-at="2022-12-14T18:08:46 IST" duration-ms="16" status="PASS">
          <reporter-output>
          </reporter-output>
        </test-method> <!-- SampleTest1 -->
      </class> <!-- demo.Sample1 -->
    </test> <!-- Default test -->
  </suite> <!-- Default suite -->
</testng-results>
